<?xml version="1.0" encoding="UTF-8"?>
<!-- Generated by org.testng.reporters.JUnitReportReporter -->
<testsuite hostname="LAPTOP-1QT8BCK7" failures="0" tests="3" name="EaseMyTrip.EaseMyTrip.EaseMyTripTest" time="2.871" errors="0" timestamp="2022-01-08T16:25:51 EST" skipped="0">
  <testcase classname="EaseMyTrip.EaseMyTrip.EaseMyTripTest" name="verifyPageTitle" time="0.006"/>
  <system-out/>
  <testcase classname="EaseMyTrip.EaseMyTrip.EaseMyTripTest" name="fromTextBox" time="1.718"/>
  <system-out/>
  <testcase classname="EaseMyTrip.EaseMyTrip.EaseMyTripTest" name="toTextBox" time="1.147"/>
  <system-out/>
</testsuite> <!-- EaseMyTrip.EaseMyTrip.EaseMyTripTest -->
